
  .   ____          _            __ _ _
 /\\ / ___'_ __ _ _(_)_ __  __ _ \ \ \ \
( ( )\___ | '_ | '_| | '_ \/ _` | \ \ \ \
 \\/  ___)| |_)| | | | | || (_| |  ) ) ) )
  '  |____| .__|_| |_|_| |_\__, | / / / /
 =========|_|==============|___/=/_/_/_/
 :: Spring Boot ::                (v3.2.4)

2025-12-10T17:17:49.521+01:00  INFO 10837 --- [api-gateway] [           main] [                                                 ] c.t.m.gateway.ApiGatewayApplication      : Starting ApiGatewayApplication v0.0.1-SNAPSHOT using Java 21.0.9 with PID 10837 (/home/josh/Malak_Josh/backend/api-gateway/target/api-gateway-0.0.1-SNAPSHOT.jar started by josh in /home/josh/Malak_Josh)
2025-12-10T17:17:49.556+01:00  INFO 10837 --- [api-gateway] [           main] [                                                 ] c.t.m.gateway.ApiGatewayApplication      : No active profile set, falling back to 1 default profile: "default"
2025-12-10T17:18:00.992+01:00  INFO 10837 --- [api-gateway] [           main] [                                                 ] o.s.cloud.context.scope.GenericScope     : BeanFactory id=0bd35a79-2139-3c8d-a759-f959fd737735
2025-12-10T17:18:07.135+01:00  INFO 10837 --- [api-gateway] [           main] [                                                 ] o.s.b.w.embedded.tomcat.TomcatWebServer  : Tomcat initialized with port 9000 (http)
2025-12-10T17:18:07.252+01:00  INFO 10837 --- [api-gateway] [           main] [                                                 ] o.apache.catalina.core.StandardService   : Starting service [Tomcat]
2025-12-10T17:18:07.262+01:00  INFO 10837 --- [api-gateway] [           main] [                                                 ] o.apache.catalina.core.StandardEngine    : Starting Servlet engine: [Apache Tomcat/10.1.19]
2025-12-10T17:18:07.611+01:00  INFO 10837 --- [api-gateway] [           main] [                                                 ] o.a.c.c.C.[Tomcat].[localhost].[/]       : Initializing Spring embedded WebApplicationContext
2025-12-10T17:18:07.618+01:00  INFO 10837 --- [api-gateway] [           main] [                                                 ] w.s.c.ServletWebServerApplicationContext : Root WebApplicationContext: initialization completed in 17738 ms
2025-12-10T17:18:15.743+01:00  INFO 10837 --- [api-gateway] [           main] [                                                 ] o.s.s.web.DefaultSecurityFilterChain     : Will secure any request with [org.springframework.security.web.session.DisableEncodeUrlFilter@43df1377, org.springframework.security.web.context.request.async.WebAsyncManagerIntegrationFilter@1cee3e05, org.springframework.security.web.context.SecurityContextHolderFilter@25e796fe, org.springframework.security.web.header.HeaderWriterFilter@740ee00f, org.springframework.web.filter.CorsFilter@63f2d024, org.springframework.security.web.authentication.logout.LogoutFilter@55a055cc, org.springframework.security.web.savedrequest.RequestCacheAwareFilter@3fe24670, org.springframework.security.web.servletapi.SecurityContextHolderAwareRequestFilter@7f64bd7, org.springframework.security.web.authentication.AnonymousAuthenticationFilter@7b2dd35d, org.springframework.security.web.access.ExceptionTranslationFilter@47ae6c18, org.springframework.security.web.access.intercept.AuthorizationFilter@1d008e61]
2025-12-10T17:18:22.153+01:00  INFO 10837 --- [api-gateway] [           main] [                                                 ] o.s.b.a.e.web.EndpointLinksResolver      : Exposing 24 endpoint(s) beneath base path '/actuator'
2025-12-10T17:18:22.955+01:00  INFO 10837 --- [api-gateway] [           main] [                                                 ] o.s.b.w.embedded.tomcat.TomcatWebServer  : Tomcat started on port 9000 (http) with context path ''
2025-12-10T17:18:23.019+01:00  INFO 10837 --- [api-gateway] [           main] [                                                 ] c.t.m.gateway.ApiGatewayApplication      : Started ApiGatewayApplication in 42.769 seconds (process running for 47.968)
2025-12-10T17:20:23.362+01:00  INFO 10837 --- [api-gateway] [nio-9000-exec-1] [                                                 ] o.a.c.c.C.[Tomcat].[localhost].[/]       : Initializing Spring DispatcherServlet 'dispatcherServlet'
2025-12-10T17:20:23.376+01:00  INFO 10837 --- [api-gateway] [nio-9000-exec-1] [                                                 ] o.s.web.servlet.DispatcherServlet        : Initializing Servlet 'dispatcherServlet'
2025-12-10T17:20:23.446+01:00  INFO 10837 --- [api-gateway] [nio-9000-exec-1] [                                                 ] o.s.web.servlet.DispatcherServlet        : Completed initialization in 68 ms
2025-12-10T19:12:05.741+01:00  WARN 10837 --- [api-gateway] [nio-9000-exec-4] [6939b7f584da7c5844ed60c92af1bdb2-577b0ec337310e1e] .w.s.m.s.DefaultHandlerExceptionResolver : Resolved [org.springframework.web.context.request.async.AsyncRequestNotUsableException: ServletOutputStream failed to flush: java.io.IOException: Broken pipe]
2025-12-10T19:12:05.741+01:00  WARN 10837 --- [api-gateway] [nio-9000-exec-7] [6939b7f52db089374f4868d07bff14dd-eb9992bf018df0d3] .w.s.m.s.DefaultHandlerExceptionResolver : Resolved [org.springframework.web.context.request.async.AsyncRequestNotUsableException: ServletOutputStream failed to write: java.io.IOException: Broken pipe]
