
  .   ____          _            __ _ _
 /\\ / ___'_ __ _ _(_)_ __  __ _ \ \ \ \
( ( )\___ | '_ | '_| | '_ \/ _` | \ \ \ \
 \\/  ___)| |_)| | | | | || (_| |  ) ) ) )
  '  |____| .__|_| |_|_| |_\__, | / / / /
 =========|_|==============|___/=/_/_/_/
 :: Spring Boot ::                (v3.2.4)

2025-12-10T17:17:43.403+01:00  INFO 10648 --- [order-service] [           main] [                                                 ] c.t.m.order.OrderServiceApplication      : Starting OrderServiceApplication v1.0-SNAPSHOT using Java 21.0.9 with PID 10648 (/home/josh/Malak_Josh/backend/order-service/target/order-service-1.0-SNAPSHOT.jar started by josh in /home/josh/Malak_Josh)
2025-12-10T17:17:43.494+01:00  INFO 10648 --- [order-service] [           main] [                                                 ] c.t.m.order.OrderServiceApplication      : No active profile set, falling back to 1 default profile: "default"
2025-12-10T17:17:58.548+01:00  INFO 10648 --- [order-service] [           main] [                                                 ] .s.d.r.c.RepositoryConfigurationDelegate : Bootstrapping Spring Data JPA repositories in DEFAULT mode.
2025-12-10T17:17:59.016+01:00  INFO 10648 --- [order-service] [           main] [                                                 ] .s.d.r.c.RepositoryConfigurationDelegate : Finished Spring Data repository scanning in 375 ms. Found 1 JPA repository interface.
2025-12-10T17:18:01.352+01:00  INFO 10648 --- [order-service] [           main] [                                                 ] o.s.cloud.context.scope.GenericScope     : BeanFactory id=2d014123-71ae-3cb9-bf03-901c6dfbed16
2025-12-10T17:18:09.291+01:00  INFO 10648 --- [order-service] [           main] [                                                 ] o.s.b.w.embedded.tomcat.TomcatWebServer  : Tomcat initialized with port 8081 (http)
2025-12-10T17:18:09.400+01:00  INFO 10648 --- [order-service] [           main] [                                                 ] o.apache.catalina.core.StandardService   : Starting service [Tomcat]
2025-12-10T17:18:09.402+01:00  INFO 10648 --- [order-service] [           main] [                                                 ] o.apache.catalina.core.StandardEngine    : Starting Servlet engine: [Apache Tomcat/10.1.19]
2025-12-10T17:18:09.727+01:00  INFO 10648 --- [order-service] [           main] [                                                 ] o.a.c.c.C.[Tomcat].[localhost].[/]       : Initializing Spring embedded WebApplicationContext
2025-12-10T17:18:09.731+01:00  INFO 10648 --- [order-service] [           main] [                                                 ] w.s.c.ServletWebServerApplicationContext : Root WebApplicationContext: initialization completed in 21753 ms
2025-12-10T17:18:14.737+01:00  INFO 10648 --- [order-service] [           main] [                                                 ] com.zaxxer.hikari.HikariDataSource       : HikariPool-1 - Starting...
2025-12-10T17:18:16.466+01:00  INFO 10648 --- [order-service] [           main] [                                                 ] com.zaxxer.hikari.pool.HikariPool        : HikariPool-1 - Added connection com.mysql.cj.jdbc.ConnectionImpl@84becbe
2025-12-10T17:18:16.472+01:00  INFO 10648 --- [order-service] [           main] [                                                 ] com.zaxxer.hikari.HikariDataSource       : HikariPool-1 - Start completed.
2025-12-10T17:18:17.173+01:00  INFO 10648 --- [order-service] [           main] [                                                 ] o.f.c.internal.license.VersionPrinter    : Flyway Community Edition 9.22.3 by Redgate
2025-12-10T17:18:17.177+01:00  INFO 10648 --- [order-service] [           main] [                                                 ] o.f.c.internal.license.VersionPrinter    : See release notes here: https://rd.gt/416ObMi
2025-12-10T17:18:17.178+01:00  INFO 10648 --- [order-service] [           main] [                                                 ] o.f.c.internal.license.VersionPrinter    : 
2025-12-10T17:18:17.282+01:00  INFO 10648 --- [order-service] [           main] [                                                 ] org.flywaydb.core.FlywayExecutor         : Database: jdbc:mysql://localhost:3306/order_service (MySQL 8.3)
2025-12-10T17:18:17.329+01:00  WARN 10648 --- [order-service] [           main] [                                                 ] o.f.c.internal.database.base.Database    : Flyway upgrade recommended: MySQL 8.3 is newer than this version of Flyway and support has not been tested. The latest supported version of MySQL is 8.0.
2025-12-10T17:18:17.601+01:00  INFO 10648 --- [order-service] [           main] [                                                 ] o.f.core.internal.command.DbValidate     : Successfully validated 1 migration (execution time 00:00.206s)
2025-12-10T17:18:17.703+01:00  INFO 10648 --- [order-service] [           main] [                                                 ] o.f.core.internal.command.DbMigrate      : Current version of schema `order_service`: 1
2025-12-10T17:18:17.722+01:00  INFO 10648 --- [order-service] [           main] [                                                 ] o.f.core.internal.command.DbMigrate      : Schema `order_service` is up to date. No migration necessary.
2025-12-10T17:18:18.476+01:00  INFO 10648 --- [order-service] [           main] [                                                 ] o.hibernate.jpa.internal.util.LogHelper  : HHH000204: Processing PersistenceUnitInfo [name: default]
2025-12-10T17:18:18.844+01:00  INFO 10648 --- [order-service] [           main] [                                                 ] org.hibernate.Version                    : HHH000412: Hibernate ORM core version 6.4.4.Final
2025-12-10T17:18:18.961+01:00  INFO 10648 --- [order-service] [           main] [                                                 ] o.h.c.internal.RegionFactoryInitiator    : HHH000026: Second-level cache disabled
2025-12-10T17:18:20.082+01:00  INFO 10648 --- [order-service] [           main] [                                                 ] o.s.o.j.p.SpringPersistenceUnitInfo      : No LoadTimeWeaver setup: ignoring JPA class transformer
2025-12-10T17:18:23.066+01:00  INFO 10648 --- [order-service] [           main] [                                                 ] o.h.e.t.j.p.i.JtaPlatformInitiator       : HHH000489: No JTA platform available (set 'hibernate.transaction.jta.platform' to enable JTA platform integration)
2025-12-10T17:18:23.073+01:00  INFO 10648 --- [order-service] [           main] [                                                 ] j.LocalContainerEntityManagerFactoryBean : Initialized JPA EntityManagerFactory for persistence unit 'default'
2025-12-10T17:18:25.292+01:00  WARN 10648 --- [order-service] [           main] [                                                 ] JpaBaseConfiguration$JpaWebConfiguration : spring.jpa.open-in-view is enabled by default. Therefore, database queries may be performed during view rendering. Explicitly configure spring.jpa.open-in-view to disable this warning
2025-12-10T17:18:28.393+01:00  INFO 10648 --- [order-service] [           main] [                                                 ] o.s.b.a.e.web.EndpointLinksResolver      : Exposing 25 endpoint(s) beneath base path '/actuator'
2025-12-10T17:18:28.566+01:00  INFO 10648 --- [order-service] [           main] [                                                 ] o.s.b.w.embedded.tomcat.TomcatWebServer  : Tomcat started on port 8081 (http) with context path ''
2025-12-10T17:18:28.612+01:00  INFO 10648 --- [order-service] [           main] [                                                 ] c.t.m.order.OrderServiceApplication      : Started OrderServiceApplication in 54.679 seconds (process running for 59.583)
2025-12-11T04:28:07.406+01:00  INFO 10648 --- [order-service] [ionShutdownHook] [                                                 ] j.LocalContainerEntityManagerFactoryBean : Closing JPA EntityManagerFactory for persistence unit 'default'
04:28:07,507 |-WARN in ch.qos.logback.core.rolling.helper.Compressor - The target compressed file named [/tmp/spring.log.2025-12-10.0.gz] exist already. Aborting file compression.
2025-12-11T04:28:07.801+01:00  INFO 10648 --- [order-service] [ionShutdownHook] [                                                 ] com.zaxxer.hikari.HikariDataSource       : HikariPool-1 - Shutdown initiated...
04:28:07,851 |-ERROR in com.github.loki4j.client.pipeline.DefaultPipeline@4fe5f6ae - Error while sending Batch #223e4587ced6 (379 bytes) to Loki (http://localhost:3100/loki/api/v1/push) java.net.ConnectException
	at java.net.ConnectException
	at 	at java.net.http/jdk.internal.net.http.HttpClientImpl.send(HttpClientImpl.java:955)
	at 	at java.net.http/jdk.internal.net.http.HttpClientFacade.send(HttpClientFacade.java:133)
	at 	at com.github.loki4j.client.http.JavaHttpClient.send(JavaHttpClient.java:68)
	at 	at com.github.loki4j.client.pipeline.DefaultPipeline.sendBatch(DefaultPipeline.java:263)
	at 	at com.github.loki4j.client.pipeline.DefaultPipeline.sendStep(DefaultPipeline.java:249)
	at 	at com.github.loki4j.client.pipeline.DefaultPipeline.runSendLoop(DefaultPipeline.java:183)
	at 	at com.github.loki4j.client.pipeline.DefaultPipeline.lambda$start$2(DefaultPipeline.java:108)
	at 	at java.base/java.util.concurrent.ThreadPoolExecutor.runWorker(ThreadPoolExecutor.java:1144)
	at 	at java.base/java.util.concurrent.ThreadPoolExecutor$Worker.run(ThreadPoolExecutor.java:642)
	at 	at java.base/java.lang.Thread.run(Thread.java:1583)
Caused by: java.net.ConnectException
	at 	at java.net.http/jdk.internal.net.http.common.Utils.toConnectException(Utils.java:1065)
	at 	at java.net.http/jdk.internal.net.http.PlainHttpConnection.connectAsync(PlainHttpConnection.java:227)
	at 	at java.net.http/jdk.internal.net.http.PlainHttpConnection.checkRetryConnect(PlainHttpConnection.java:280)
	at 	at java.net.http/jdk.internal.net.http.PlainHttpConnection.lambda$connectAsync$2(PlainHttpConnection.java:238)
	at 	at java.base/java.util.concurrent.CompletableFuture.uniHandle(CompletableFuture.java:934)
	at 	at java.base/java.util.concurrent.CompletableFuture$UniHandle.tryFire(CompletableFuture.java:911)
	at 	at java.base/java.util.concurrent.CompletableFuture.postComplete(CompletableFuture.java:510)
	at 	at java.base/java.util.concurrent.CompletableFuture$AsyncSupply.run(CompletableFuture.java:1773)
	at 	... 3 common frames omitted
Caused by: java.nio.channels.ClosedChannelException
	at 	at java.base/sun.nio.ch.SocketChannelImpl.ensureOpen(SocketChannelImpl.java:202)
	at 	at java.base/sun.nio.ch.SocketChannelImpl.beginConnect(SocketChannelImpl.java:786)
	at 	at java.base/sun.nio.ch.SocketChannelImpl.connect(SocketChannelImpl.java:874)
	at 	at java.net.http/jdk.internal.net.http.PlainHttpConnection.lambda$connectAsync$1(PlainHttpConnection.java:210)
	at 	at java.base/java.security.AccessController.doPrivileged(AccessController.java:571)
	at 	at java.net.http/jdk.internal.net.http.PlainHttpConnection.connectAsync(PlainHttpConnection.java:212)
	at 	... 9 common frames omitted
2025-12-11T04:28:09.241+01:00  INFO 10648 --- [order-service] [ionShutdownHook] [                                                 ] com.zaxxer.hikari.HikariDataSource       : HikariPool-1 - Shutdown completed.
04:28:10,336 |-ERROR in com.github.loki4j.client.pipeline.DefaultPipeline@4fe5f6ae - Error while sending Batch #223edc23e1af (604 bytes) to Loki (http://localhost:3100/loki/api/v1/push) java.net.ConnectException
	at java.net.ConnectException
	at 	at java.net.http/jdk.internal.net.http.HttpClientImpl.send(HttpClientImpl.java:955)
	at 	at java.net.http/jdk.internal.net.http.HttpClientFacade.send(HttpClientFacade.java:133)
	at 	at com.github.loki4j.client.http.JavaHttpClient.send(JavaHttpClient.java:68)
	at 	at com.github.loki4j.client.pipeline.DefaultPipeline.sendBatch(DefaultPipeline.java:263)
	at 	at com.github.loki4j.client.pipeline.DefaultPipeline.sendStep(DefaultPipeline.java:249)
	at 	at com.github.loki4j.client.pipeline.DefaultPipeline.runSendLoop(DefaultPipeline.java:183)
	at 	at com.github.loki4j.client.pipeline.DefaultPipeline.lambda$start$2(DefaultPipeline.java:108)
	at 	at java.base/java.util.concurrent.ThreadPoolExecutor.runWorker(ThreadPoolExecutor.java:1144)
	at 	at java.base/java.util.concurrent.ThreadPoolExecutor$Worker.run(ThreadPoolExecutor.java:642)
	at 	at java.base/java.lang.Thread.run(Thread.java:1583)
Caused by: java.net.ConnectException
	at 	at java.net.http/jdk.internal.net.http.common.Utils.toConnectException(Utils.java:1065)
	at 	at java.net.http/jdk.internal.net.http.PlainHttpConnection.connectAsync(PlainHttpConnection.java:227)
	at 	at java.net.http/jdk.internal.net.http.PlainHttpConnection.checkRetryConnect(PlainHttpConnection.java:280)
	at 	at java.net.http/jdk.internal.net.http.PlainHttpConnection.lambda$connectAsync$2(PlainHttpConnection.java:238)
	at 	at java.base/java.util.concurrent.CompletableFuture.uniHandle(CompletableFuture.java:934)
	at 	at java.base/java.util.concurrent.CompletableFuture$UniHandle.tryFire(CompletableFuture.java:911)
	at 	at java.base/java.util.concurrent.CompletableFuture.postComplete(CompletableFuture.java:510)
	at 	at java.base/java.util.concurrent.CompletableFuture$AsyncSupply.run(CompletableFuture.java:1773)
	at 	... 3 common frames omitted
Caused by: java.nio.channels.ClosedChannelException
	at 	at java.base/sun.nio.ch.SocketChannelImpl.ensureOpen(SocketChannelImpl.java:202)
	at 	at java.base/sun.nio.ch.SocketChannelImpl.beginConnect(SocketChannelImpl.java:786)
	at 	at java.base/sun.nio.ch.SocketChannelImpl.connect(SocketChannelImpl.java:874)
	at 	at java.net.http/jdk.internal.net.http.PlainHttpConnection.lambda$connectAsync$1(PlainHttpConnection.java:210)
	at 	at java.base/java.security.AccessController.doPrivileged(AccessController.java:571)
	at 	at java.net.http/jdk.internal.net.http.PlainHttpConnection.connectAsync(PlainHttpConnection.java:212)
	at 	... 9 common frames omitted
